[debug] [2021-11-01T01:52:39.695Z] ----------------------------------------------------------------------
[debug] [2021-11-01T01:52:39.697Z] Command:       C:\Program Files\nodejs\node.exe C:\Users\vceli\AppData\Roaming\npm\node_modules\firebase-tools\lib\bin\firebase.js init
[debug] [2021-11-01T01:52:39.697Z] CLI Version:   9.21.0
[debug] [2021-11-01T01:52:39.698Z] Platform:      win32
[debug] [2021-11-01T01:52:39.698Z] Node Version:  v14.17.5
[debug] [2021-11-01T01:52:39.699Z] Time:          Sun Oct 31 2021 21:52:39 GMT-0400 (Eastern Daylight Time)
[debug] [2021-11-01T01:52:39.699Z] ----------------------------------------------------------------------
[debug] 
[debug] [2021-11-01T01:52:39.762Z] > command requires scopes: ["email","openid","https://www.googleapis.com/auth/cloudplatformprojects.readonly","https://www.googleapis.com/auth/firebase","https://www.googleapis.com/auth/cloud-platform"]
[debug] [2021-11-01T01:52:39.762Z] > authorizing via signed-in user (vcelizondo123@gmail.com)
[info] 
     ######## #### ########  ######## ########     ###     ######  ########
     ##        ##  ##     ## ##       ##     ##  ##   ##  ##       ##
     ######    ##  ########  ######   ########  #########  ######  ######
     ##        ##  ##    ##  ##       ##     ## ##     ##       ## ##
     ##       #### ##     ## ######## ########  ##     ##  ######  ########

You're about to initialize a Firebase project in this directory:

  C:\Users\vceli

Before we get started, keep in mind:

  * You are initializing within an existing Firebase project directory

[info] 
=== Project Setup
[info] 
[info] First, let's associate this project directory with a Firebase project.
[info] You can create multiple project aliases by running firebase use --add, 
[info] but for now we'll just set up a default project.
[info] 
[info] i  .firebaserc already has a default project, using first-firebase-26f47. 
[debug] [2021-11-01T01:52:47.416Z] >>> [apiv2][query] GET https://firebase.googleapis.com/v1beta1/projects/first-firebase-26f47 [none]
[debug] [2021-11-01T01:52:47.708Z] <<< [apiv2][status] GET https://firebase.googleapis.com/v1beta1/projects/first-firebase-26f47 200
[debug] [2021-11-01T01:52:47.708Z] <<< [apiv2][body] GET https://firebase.googleapis.com/v1beta1/projects/first-firebase-26f47 {"projectId":"first-firebase-26f47","projectNumber":"1098398990312","displayName":"first-firebase","name":"projects/first-firebase-26f47","resources":{"hostingSite":"first-firebase-26f47","storageBucket":"first-firebase-26f47.appspot.com","locationId":"us-central"},"state":"ACTIVE"}
[info] 
=== Hosting Setup
[info] 
[info] Your public directory is the folder (relative to your project directory) that
[info] will contain Hosting assets to be uploaded with firebase deploy. If you
[info] have a build process for your assets, use your build's output directory.
[info] 
[debug] [2021-11-01T01:53:27.503Z] >>> [apiv2][query] GET https://www.gstatic.com/firebasejs/releases.json [none]
[debug] [2021-11-01T01:53:27.641Z] <<< [apiv2][status] GET https://www.gstatic.com/firebasejs/releases.json 200
[debug] [2021-11-01T01:53:27.642Z] <<< [apiv2][body] GET https://www.gstatic.com/firebasejs/releases.json {"current":{"version":"9.2.0","browserURL":"https://www.gstatic.com/firebasejs/9.2.0/firebase.js","packageURL":"https://www.gstatic.com/firebasejs/9.2.0/firebase.tgz"},"live":{"version":"9.2","browserURL":"https://www.gstatic.com/firebasejs/live/9.2/firebase.js","packageURL":"https://www.gstatic.com/firebasejs/live/9.2/firebase.tgz"},"components":{"analytics":"https://www.gstatic.com/firebasejs/9.2.0/firebase-analytics.js","app":"https://www.gstatic.com/firebasejs/9.2.0/firebase-app.js","app-check":"https://www.gstatic.com/firebasejs/9.2.0/firebase-app-check.js","auth":"https://www.gstatic.com/firebasejs/9.2.0/firebase-auth.js","auth/cordova":"https://www.gstatic.com/firebasejs/9.2.0/firebase-auth/cordova.js","auth/react-native":"https://www.gstatic.com/firebasejs/9.2.0/firebase-auth/react-native.js","functions":"https://www.gstatic.com/firebasejs/9.2.0/firebase-functions.js","firestore":"https://www.gstatic.com/firebasejs/9.2.0/firebase-firestore.js","firestore/lite":"https://www.gstatic.com/firebasejs/9.2.0/firebase-firestore/lite.js","storage":"https://www.gstatic.com/firebasejs/9.2.0/firebase-storage.js","performance":"https://www.gstatic.com/firebasejs/9.2.0/firebase-performance.js","remote-config":"https://www.gstatic.com/firebasejs/9.2.0/firebase-remote-config.js","messaging":"https://www.gstatic.com/firebasejs/9.2.0/firebase-messaging.js","messaging/sw":"https://www.gstatic.com/firebasejs/9.2.0/firebase-messaging/sw.js","database":"https://www.gstatic.com/firebasejs/9.2.0/firebase-database.js","firestore.memory":"https://www.gstatic.com/firebasejs/9.2.0/firebase-firestore.memory.js"}}
[info] +  Wrote public/sass/index.html 
[info] 
[info] i  Detected a .git folder at C:\Users\vceli\Desktop\school\fall2021\1)todd-n315\weekEight\homework-seven 
[info] i  Authorizing with GitHub to upload your service account to a GitHub repository's secrets store. 
[info] 
[info] Visit this URL on this device to log in:
[info] https://github.com/login/oauth/authorize?client_id=89cf50f02ac6aaed3484&state=527268454&redirect_uri=http%3A%2F%2Flocalhost%3A9005&scope=read%3Auser%20repo%20public_repo
[info] 
[info] Waiting for authentication...
